2018-01-04 09:14:55,252 DEBUG [freemarker.cache] - Couldn't find template in cache for "index.ftl"("zh_CN", UTF-8, parsed); will try to load it.
2018-01-04 09:14:55,260 DEBUG [freemarker.cache] - TemplateLoader.findTemplateSource("index_zh_CN.ftl"): Not found
2018-01-04 09:14:55,269 DEBUG [freemarker.cache] - TemplateLoader.findTemplateSource("index_zh.ftl"): Not found
2018-01-04 09:14:55,270 DEBUG [freemarker.cache] - TemplateLoader.findTemplateSource("index.ftl"): Not found
2018-01-04 09:15:43,934 DEBUG [freemarker.cache] - Couldn't find template in cache for "index.ftl"("zh_CN", UTF-8, parsed); will try to load it.
2018-01-04 09:15:43,942 DEBUG [freemarker.cache] - TemplateLoader.findTemplateSource("index_zh_CN.ftl"): Not found
2018-01-04 09:15:43,952 DEBUG [freemarker.cache] - TemplateLoader.findTemplateSource("index_zh.ftl"): Not found
2018-01-04 09:15:43,953 DEBUG [freemarker.cache] - TemplateLoader.findTemplateSource("index.ftl"): Not found
2018-01-04 09:17:15,343 DEBUG [freemarker.cache] - Couldn't find template in cache for "index.ftl"("zh_CN", UTF-8, parsed); will try to load it.
2018-01-04 09:17:15,359 DEBUG [freemarker.cache] - TemplateLoader.findTemplateSource("index_zh_CN.ftl"): Not found
2018-01-04 09:17:15,383 DEBUG [freemarker.cache] - TemplateLoader.findTemplateSource("index_zh.ftl"): Not found
2018-01-04 09:17:15,384 DEBUG [freemarker.cache] - TemplateLoader.findTemplateSource("index.ftl"): Found
2018-01-04 09:17:15,385 DEBUG [freemarker.cache] - Loading template for "index.ftl"("zh_CN", UTF-8, parsed) from "E:\\eclipse_work_space\\new_ssm3\\ssm_demo\\src\\templates\\index.ftl"
2018-01-04 09:20:55,267 DEBUG [freemarker.cache] - Couldn't find template in cache for "index.ftl"("zh_CN", UTF-8, parsed); will try to load it.
2018-01-04 09:20:55,267 DEBUG [freemarker.cache] - TemplateLoader.findTemplateSource("index_zh_CN.ftl"): Not found
2018-01-04 09:20:55,267 DEBUG [freemarker.cache] - TemplateLoader.findTemplateSource("index_zh.ftl"): Not found
2018-01-04 09:20:55,267 DEBUG [freemarker.cache] - TemplateLoader.findTemplateSource("index.ftl"): Found
2018-01-04 09:20:55,267 DEBUG [freemarker.cache] - Loading template for "index.ftl"("zh_CN", UTF-8, parsed) from "E:\\eclipse_work_space\\new_ssm3\\ssm_demo\\src\\templates\\index.ftl"
2018-01-04 09:25:24,810 DEBUG [freemarker.cache] - Couldn't find template in cache for "index.ftl"("zh_CN", UTF-8, parsed); will try to load it.
2018-01-04 09:25:24,813 DEBUG [freemarker.cache] - TemplateLoader.findTemplateSource("index_zh_CN.ftl"): Not found
2018-01-04 09:25:24,816 DEBUG [freemarker.cache] - TemplateLoader.findTemplateSource("index_zh.ftl"): Not found
2018-01-04 09:25:24,816 DEBUG [freemarker.cache] - TemplateLoader.findTemplateSource("index.ftl"): Found
2018-01-04 09:25:24,817 DEBUG [freemarker.cache] - Loading template for "index.ftl"("zh_CN", UTF-8, parsed) from "E:\\eclipse_work_space\\new_ssm3\\ssm_demo\\src\\templates\\index.ftl"
2018-01-04 10:43:53,065 DEBUG [freemarker.cache] - Couldn't find template in cache for "index.ftl"("zh_CN", UTF-8, parsed); will try to load it.
2018-01-04 10:43:53,073 DEBUG [freemarker.cache] - TemplateLoader.findTemplateSource("index_zh_CN.ftl"): Not found
2018-01-04 10:43:53,083 DEBUG [freemarker.cache] - TemplateLoader.findTemplateSource("index_zh.ftl"): Not found
2018-01-04 10:43:53,084 DEBUG [freemarker.cache] - TemplateLoader.findTemplateSource("index.ftl"): Found
2018-01-04 10:43:53,085 DEBUG [freemarker.cache] - Loading template for "index.ftl"("zh_CN", UTF-8, parsed) from "E:\\eclipse_work_space\\new_ssm3\\ssm_demo\\src\\templates\\index.ftl"
2018-01-04 10:45:53,368 DEBUG [freemarker.cache] - Couldn't find template in cache for "index.ftl"("zh_CN", UTF-8, parsed); will try to load it.
2018-01-04 10:45:53,376 DEBUG [freemarker.cache] - TemplateLoader.findTemplateSource("index_zh_CN.ftl"): Not found
2018-01-04 10:45:53,386 DEBUG [freemarker.cache] - TemplateLoader.findTemplateSource("index_zh.ftl"): Not found
2018-01-04 10:45:53,387 DEBUG [freemarker.cache] - TemplateLoader.findTemplateSource("index.ftl"): Found
2018-01-04 10:45:53,388 DEBUG [freemarker.cache] - Loading template for "index.ftl"("zh_CN", UTF-8, parsed) from "E:\\eclipse_work_space\\new_ssm3\\ssm_demo\\src\\templates\\index.ftl"
2018-01-04 10:52:33,548 DEBUG [freemarker.cache] - Couldn't find template in cache for "index.ftl"("zh_CN", UTF-8, parsed); will try to load it.
2018-01-04 10:52:33,553 DEBUG [freemarker.cache] - TemplateLoader.findTemplateSource("index_zh_CN.ftl"): Not found
2018-01-04 10:52:33,555 DEBUG [freemarker.cache] - TemplateLoader.findTemplateSource("index_zh.ftl"): Not found
2018-01-04 10:52:33,556 DEBUG [freemarker.cache] - TemplateLoader.findTemplateSource("index.ftl"): Found
2018-01-04 10:52:33,557 DEBUG [freemarker.cache] - Loading template for "index.ftl"("zh_CN", UTF-8, parsed) from "E:\\eclipse_work_space\\new_ssm3\\ssm_demo\\src\\templates\\index.ftl"
